Release 14.7 - xst P.20131013 (nt64)
Copyright (c) 1995-2013 Xilinx, Inc.  All rights reserved.
--> Parameter TMPDIR set to xst/projnav.tmp


Total REAL time to Xst completion: 0.00 secs
Total CPU time to Xst completion: 0.08 secs
 
--> Parameter xsthdpdir set to xst


Total REAL time to Xst completion: 0.00 secs
Total CPU time to Xst completion: 0.09 secs
 
--> Reading design: key_module.prj

TABLE OF CONTENTS
  1) Synthesis Options Summary
  2) HDL Parsing
  3) HDL Elaboration
  4) HDL Synthesis
       4.1) HDL Synthesis Report
  5) Advanced HDL Synthesis
       5.1) Advanced HDL Synthesis Report
  6) Low Level Synthesis
  7) Partition Report
  8) Design Summary
       8.1) Primitive and Black Box Usage
       8.2) Device utilization summary
       8.3) Partition Resource Summary
       8.4) Timing Report
            8.4.1) Clock Information
            8.4.2) Asynchronous Control Signals Information
            8.4.3) Timing Summary
            8.4.4) Timing Details
            8.4.5) Cross Clock Domains Report


=========================================================================
*                      Synthesis Options Summary                        *
=========================================================================
---- Source Parameters
Input File Name                    : "key_module.prj"
Ignore Synthesis Constraint File   : NO

---- Target Parameters
Output File Name                   : "key_module"
Output Format                      : NGC
Target Device                      : xc6slx16-2-csg324

---- Source Options
Top Module Name                    : key_module
Automatic FSM Extraction           : YES
FSM Encoding Algorithm             : Auto
Safe Implementation                : No
FSM Style                          : LUT
RAM Extraction                     : Yes
RAM Style                          : Auto
ROM Extraction                     : Yes
Shift Register Extraction          : YES
ROM Style                          : Auto
Resource Sharing                   : YES
Asynchronous To Synchronous        : NO
Shift Register Minimum Size        : 2
Use DSP Block                      : Auto
Automatic Register Balancing       : No

---- Target Options
LUT Combining                      : Auto
Reduce Control Sets                : Auto
Add IO Buffers                     : YES
Global Maximum Fanout              : 100000
Add Generic Clock Buffer(BUFG)     : 16
Register Duplication               : YES
Optimize Instantiated Primitives   : NO
Use Clock Enable                   : Auto
Use Synchronous Set                : Auto
Use Synchronous Reset              : Auto
Pack IO Registers into IOBs        : Auto
Equivalent register Removal        : YES

---- General Options
Optimization Goal                  : Speed
Optimization Effort                : 1
Power Reduction                    : NO
Keep Hierarchy                     : No
Netlist Hierarchy                  : As_Optimized
RTL Output                         : Yes
Global Optimization                : AllClockNets
Read Cores                         : YES
Write Timing Constraints           : NO
Cross Clock Analysis               : NO
Hierarchy Separator                : /
Bus Delimiter                      : <>
Case Specifier                     : Maintain
Slice Utilization Ratio            : 100
BRAM Utilization Ratio             : 100
DSP48 Utilization Ratio            : 100
Auto BRAM Packing                  : NO
Slice Utilization Ratio Delta      : 5

=========================================================================


=========================================================================
*                          HDL Parsing                                  *
=========================================================================
Parsing VHDL file "C:\Users\HP\Desktop\University\Academics\Capstone\XXTEA\XXTEA\key_scheduler.vhd" into library work
Parsing entity <key_scheduler>.
Parsing architecture <Behavioral> of entity <key_scheduler>.
Parsing VHDL file "C:\Users\HP\Desktop\University\Academics\Capstone\XXTEA\XXTEA\key_RAM.vhd" into library work
Parsing entity <key_RAM>.
Parsing architecture <Behavioral> of entity <key_ram>.
Parsing VHDL file "C:\Users\HP\Desktop\University\Academics\Capstone\XXTEA\XXTEA\key_module.vhd" into library work
Parsing entity <key_module>.
Parsing architecture <Behavioral> of entity <key_module>.

=========================================================================
*                            HDL Elaboration                            *
=========================================================================

Elaborating entity <key_module> (architecture <Behavioral>) from library <work>.

Elaborating entity <key_scheduler> (architecture <Behavioral>) from library <work>.

Elaborating entity <key_RAM> (architecture <Behavioral>) from library <work>.

=========================================================================
*                           HDL Synthesis                               *
=========================================================================

Synthesizing Unit <key_module>.
    Related source file is "C:\Users\HP\Desktop\University\Academics\Capstone\XXTEA\XXTEA\key_module.vhd".
    Summary:
	no macro.
Unit <key_module> synthesized.

Synthesizing Unit <key_scheduler>.
    Related source file is "C:\Users\HP\Desktop\University\Academics\Capstone\XXTEA\XXTEA\key_scheduler.vhd".
WARNING:Xst:647 - Input <sum_0<1:0>> is never used. This port will be preserved and left unconnected if it belongs to a top-level block or it belongs to a sub-block and the hierarchy of this sub-block is preserved.
WARNING:Xst:647 - Input <sum_0<31:4>> is never used. This port will be preserved and left unconnected if it belongs to a top-level block or it belongs to a sub-block and the hierarchy of this sub-block is preserved.
WARNING:Xst:647 - Input <sum_1<1:0>> is never used. This port will be preserved and left unconnected if it belongs to a top-level block or it belongs to a sub-block and the hierarchy of this sub-block is preserved.
WARNING:Xst:647 - Input <sum_1<31:4>> is never used. This port will be preserved and left unconnected if it belongs to a top-level block or it belongs to a sub-block and the hierarchy of this sub-block is preserved.
WARNING:Xst:647 - Input <sum_2<1:0>> is never used. This port will be preserved and left unconnected if it belongs to a top-level block or it belongs to a sub-block and the hierarchy of this sub-block is preserved.
WARNING:Xst:647 - Input <sum_2<31:4>> is never used. This port will be preserved and left unconnected if it belongs to a top-level block or it belongs to a sub-block and the hierarchy of this sub-block is preserved.
WARNING:Xst:647 - Input <sum_3<1:0>> is never used. This port will be preserved and left unconnected if it belongs to a top-level block or it belongs to a sub-block and the hierarchy of this sub-block is preserved.
WARNING:Xst:647 - Input <sum_3<31:4>> is never used. This port will be preserved and left unconnected if it belongs to a top-level block or it belongs to a sub-block and the hierarchy of this sub-block is preserved.
    Summary:
	no macro.
Unit <key_scheduler> synthesized.

Synthesizing Unit <key_RAM>.
    Related source file is "C:\Users\HP\Desktop\University\Academics\Capstone\XXTEA\XXTEA\key_RAM.vhd".
    Found 32-bit register for signal <key_s<1>>.
    Found 32-bit register for signal <key_s<2>>.
    Found 32-bit register for signal <key_s<3>>.
    Found 32-bit register for signal <key_s<0>>.
    Found 32-bit 4-to-1 multiplexer for signal <key_0> created at line 71.
    Found 32-bit 4-to-1 multiplexer for signal <key_1> created at line 72.
    Found 32-bit 4-to-1 multiplexer for signal <key_2> created at line 73.
    Found 32-bit 4-to-1 multiplexer for signal <key_3> created at line 74.
    Summary:
	inferred 128 D-type flip-flop(s).
	inferred   4 Multiplexer(s).
Unit <key_RAM> synthesized.

=========================================================================
HDL Synthesis Report

Macro Statistics
# Registers                                            : 4
 32-bit register                                       : 4
# Multiplexers                                         : 4
 32-bit 4-to-1 multiplexer                             : 4

=========================================================================

=========================================================================
*                       Advanced HDL Synthesis                          *
=========================================================================


=========================================================================
Advanced HDL Synthesis Report

Macro Statistics
# Registers                                            : 128
 Flip-Flops                                            : 128
# Multiplexers                                         : 4
 32-bit 4-to-1 multiplexer                             : 4

=========================================================================

=========================================================================
*                         Low Level Synthesis                           *
=========================================================================

Optimizing unit <key_module> ...

Optimizing unit <key_RAM> ...

Mapping all equations...
Building and optimizing final netlist ...
Found area constraint ratio of 100 (+ 5) on block key_module, actual ratio is 2.

Final Macro Processing ...

=========================================================================
Final Register Report

Macro Statistics
# Registers                                            : 128
 Flip-Flops                                            : 128

=========================================================================

=========================================================================
*                           Partition Report                            *
=========================================================================

Partition Implementation Status
-------------------------------

  No Partitions were found in this design.

-------------------------------

=========================================================================
*                            Design Summary                             *
=========================================================================

Top Level Output File Name         : key_module.ngc

Primitive and Black Box Usage:
------------------------------
# BELS                             : 128
#      LUT6                        : 128
# FlipFlops/Latches                : 128
#      FDE                         : 128
# Clock Buffers                    : 1
#      BUFGP                       : 1
# IO Buffers                       : 265
#      IBUF                        : 137
#      OBUF                        : 128

Device utilization summary:
---------------------------

Selected Device : 6slx16csg324-2 


Slice Logic Utilization: 
 Number of Slice LUTs:                  128  out of   9112     1%  
    Number used as Logic:               128  out of   9112     1%  

Slice Logic Distribution: 
 Number of LUT Flip Flop pairs used:    128
   Number with an unused Flip Flop:     128  out of    128   100%  
   Number with an unused LUT:             0  out of    128     0%  
   Number of fully used LUT-FF pairs:     0  out of    128     0%  
   Number of unique control sets:         1

IO Utilization: 
 Number of IOs:                         386
 Number of bonded IOBs:                 266  out of    232   114% (*) 
    IOB Flip Flops/Latches:             128

Specific Feature Utilization:
 Number of BUFG/BUFGCTRLs:                1  out of     16     6%  

WARNING:Xst:1336 -  (*) More than 100% of Device resources are used

---------------------------
Partition Resource Summary:
---------------------------

  No Partitions were found in this design.

---------------------------


=========================================================================
Timing Report

NOTE: THESE TIMING NUMBERS ARE ONLY A SYNTHESIS ESTIMATE.
      FOR ACCURATE TIMING INFORMATION PLEASE REFER TO THE TRACE REPORT
      GENERATED AFTER PLACE-and-ROUTE.

Clock Information:
------------------
-----------------------------------+------------------------+-------+
Clock Signal                       | Clock buffer(FF name)  | Load  |
-----------------------------------+------------------------+-------+
clk                                | BUFGP                  | 128   |
-----------------------------------+------------------------+-------+

Asynchronous Control Signals Information:
----------------------------------------
No asynchronous control signals found in this design

Timing Summary:
---------------
Speed Grade: -2

   Minimum period: No path found
   Minimum input arrival time before clock: 3.924ns
   Maximum output required time after clock: 5.452ns
   Maximum combinational path delay: 7.150ns

Timing Details:
---------------
All values displayed in nanoseconds (ns)

=========================================================================
Timing constraint: Default OFFSET IN BEFORE for Clock 'clk'
  Total number of paths / destination ports: 256 / 256
-------------------------------------------------------------------------
Offset:              3.924ns (Levels of Logic = 1)
  Source:            w (PAD)
  Destination:       key_stor/key_s_0_31 (FF)
  Destination Clock: clk rising

  Data Path: w to key_stor/key_s_0_31
                                Gate     Net
    Cell:in->out      fanout   Delay   Delay  Logical Name (Net Name)
    ----------------------------------------  ------------
     IBUF:I->O           128   1.328   2.294  w_IBUF (w_IBUF)
     FDE:CE                    0.302          key_stor/key_s_1_0
    ----------------------------------------
    Total                      3.924ns (1.630ns logic, 2.294ns route)
                                       (41.5% logic, 58.5% route)

=========================================================================
Timing constraint: Default OFFSET OUT AFTER for Clock 'clk'
  Total number of paths / destination ports: 512 / 128
-------------------------------------------------------------------------
Offset:              5.452ns (Levels of Logic = 2)
  Source:            key_stor/key_s_1_31 (FF)
  Destination:       key_0<31> (PAD)
  Source Clock:      clk rising

  Data Path: key_stor/key_s_1_31 to key_0<31>
                                Gate     Net
    Cell:in->out      fanout   Delay   Delay  Logical Name (Net Name)
    ----------------------------------------  ------------
     FDE:C->Q              4   0.525   1.080  key_stor/key_s_1_31 (key_stor/key_s_1_31)
     LUT6:I2->O            1   0.254   0.681  key_stor/Mmux_key_0251 (key_0_31_OBUF)
     OBUF:I->O                 2.912          key_0_31_OBUF (key_0<31>)
    ----------------------------------------
    Total                      5.452ns (3.691ns logic, 1.761ns route)
                                       (67.7% logic, 32.3% route)

=========================================================================
Timing constraint: Default path analysis
  Total number of paths / destination ports: 256 / 128
-------------------------------------------------------------------------
Delay:               7.150ns (Levels of Logic = 3)
  Source:            sum_0<2> (PAD)
  Destination:       key_0<31> (PAD)

  Data Path: sum_0<2> to key_0<31>
                                Gate     Net
    Cell:in->out      fanout   Delay   Delay  Logical Name (Net Name)
    ----------------------------------------  ------------
     IBUF:I->O            32   1.328   1.975  sum_0_2_IBUF (sum_0_2_IBUF)
     LUT6:I0->O            1   0.254   0.681  key_stor/Mmux_key_091 (key_0_17_OBUF)
     OBUF:I->O                 2.912          key_0_17_OBUF (key_0<17>)
    ----------------------------------------
    Total                      7.150ns (4.494ns logic, 2.656ns route)
                                       (62.9% logic, 37.1% route)

=========================================================================

Cross Clock Domains Report:
--------------------------

=========================================================================


Total REAL time to Xst completion: 5.00 secs
Total CPU time to Xst completion: 5.13 secs
 
--> 

Total memory usage is 262044 kilobytes

Number of errors   :    0 (   0 filtered)
Number of warnings :    9 (   0 filtered)
Number of infos    :    0 (   0 filtered)

