Command line:
   sums_tb_isim_beh.exe
     -simmode  gui
     -simrunnum  0
     -socket  49654

Sat Feb 03 16:01:27 2018


 Elaboration Time: 0.0468 sec

 Current Memory Usage: 669.667 Meg

 Total Signals          : 17
 Total Nets             : 260
 Total Signal Drivers   : 11
 Total Blocks           : 4
 Total Primitive Blocks : 3
 Total Processes        : 7
 Total Traceable Variables  : 15
 Total Scalar Nets and Variables : 776
Total Line Count : 24

 Total Simulation Time: 0.187201 sec

 Current Memory Usage: 984.24 Meg

Sat Feb 03 16:02:51 2018

