Command line:
   feistel_net_tb_isim_beh.exe
     -simmode  gui
     -simrunnum  0
     -socket  49865

Sun Feb 04 15:35:24 2018


 Elaboration Time: 0.046801 sec

 Current Memory Usage: 673.866 Meg

 Total Signals          : 88
 Total Nets             : 2178
 Total Signal Drivers   : 52
 Total Blocks           : 8
 Total Primitive Blocks : 6
 Total Processes        : 40
 Total Traceable Variables  : 14
 Total Scalar Nets and Variables : 2662
Total Line Count : 60

 Total Simulation Time: 0.062401 sec

 Current Memory Usage: 673.866 Meg

Sun Feb 04 15:39:00 2018

