Command line:
   xxtea_encrypt_isim_beh.exe
     -simmode  gui
     -simrunnum  0
     -socket  49418

Sun Feb 04 12:05:38 2018


 Elaboration Time: 0.046801 sec

 Current Memory Usage: 673.87 Meg

 Total Signals          : 149
 Total Nets             : 2850
 Total Signal Drivers   : 68
 Total Blocks           : 13
 Total Primitive Blocks : 10
 Total Processes        : 60
 Total Traceable Variables  : 15
 Total Scalar Nets and Variables : 3366
Total Line Count : 90

 Total Simulation Time: 0.093601 sec

 Current Memory Usage: 673.87 Meg

Sun Feb 04 12:05:41 2018

