Command line:
   xxtea_encrypt_tb_isim_beh.exe
     -simmode  gui
     -simrunnum  0
     -socket  63332

Sat Feb 24 00:52:08 2018


 Elaboration Time: 0.046875 sec

 Current Memory Usage: 535.306 Meg

 Total Signals          : 163
 Total Nets             : 3302
 Total Signal Drivers   : 81
 Total Blocks           : 12
 Total Primitive Blocks : 9
 Total Processes        : 69
 Total Traceable Variables  : 16
 Total Scalar Nets and Variables : 3850
Total Line Count : 158

 Total Simulation Time: 0.140625 sec

 Current Memory Usage: 692.593 Meg

Sat Feb 24 00:53:37 2018

